0 info it worked if it ends with ok
1 verbose cli [ '/usr/local/bin/node',
1 verbose cli   '/usr/local/bin/npm',
1 verbose cli   'install',
1 verbose cli   'grunt-contrib-uglify',
1 verbose cli   '--save-dev' ]
2 info using npm@1.4.28
3 info using node@v0.10.33
4 warn package.json sniffy@1.0.0 No repository field.
5 warn package.json sniffy@1.0.0 No README data
6 verbose readDependencies using package.json deps
7 verbose cache add [ 'grunt-contrib-uglify', null ]
8 verbose cache add name=undefined spec="grunt-contrib-uglify" args=["grunt-contrib-uglify",null]
9 verbose parsed url { protocol: null,
9 verbose parsed url   slashes: null,
9 verbose parsed url   auth: null,
9 verbose parsed url   host: null,
9 verbose parsed url   port: null,
9 verbose parsed url   hostname: null,
9 verbose parsed url   hash: null,
9 verbose parsed url   search: null,
9 verbose parsed url   query: null,
9 verbose parsed url   pathname: 'grunt-contrib-uglify',
9 verbose parsed url   path: 'grunt-contrib-uglify',
9 verbose parsed url   href: 'grunt-contrib-uglify' }
10 silly lockFile 9dabf0fb-grunt-contrib-uglify grunt-contrib-uglify
11 verbose lock grunt-contrib-uglify /Users/kreativemente/.npm/9dabf0fb-grunt-contrib-uglify.lock
12 silly lockFile 9dabf0fb-grunt-contrib-uglify grunt-contrib-uglify
13 silly lockFile 9dabf0fb-grunt-contrib-uglify grunt-contrib-uglify
14 verbose addNamed [ 'grunt-contrib-uglify', '' ]
15 verbose addNamed [ null, '*' ]
16 silly lockFile 1f4692e4-grunt-contrib-uglify grunt-contrib-uglify@
17 verbose lock grunt-contrib-uglify@ /Users/kreativemente/.npm/1f4692e4-grunt-contrib-uglify.lock
18 silly addNameRange { name: 'grunt-contrib-uglify', range: '*', hasData: false }
19 verbose request where is /grunt-contrib-uglify
20 verbose request registry https://registry.npmjs.org/
21 verbose request id 88b93185fb6d5a22
22 verbose url raw /grunt-contrib-uglify
23 verbose url resolving [ 'https://registry.npmjs.org/', './grunt-contrib-uglify' ]
24 verbose url resolved https://registry.npmjs.org/grunt-contrib-uglify
25 verbose request where is https://registry.npmjs.org/grunt-contrib-uglify
26 info trying registry request attempt 1 at 13:27:26
27 verbose etag "9D8MYFRZGQM50SIWPV5PCNCTQ"
28 http GET https://registry.npmjs.org/grunt-contrib-uglify
29 http 304 https://registry.npmjs.org/grunt-contrib-uglify
30 silly registry.get cb [ 304,
30 silly registry.get   { date: 'Tue, 24 Feb 2015 18:27:25 GMT',
30 silly registry.get     server: 'Apache',
30 silly registry.get     via: '1.1 varnish',
30 silly registry.get     'last-modified': 'Tue, 24 Feb 2015 18:27:25 GMT',
30 silly registry.get     'cache-control': 'max-age=60',
30 silly registry.get     etag: '"9D8MYFRZGQM50SIWPV5PCNCTQ"',
30 silly registry.get     age: '45',
30 silly registry.get     'x-served-by': 'cache-jfk1029-JFK',
30 silly registry.get     'x-cache': 'HIT',
30 silly registry.get     'x-cache-hits': '1',
30 silly registry.get     'x-timer': 'S1424802445.793715,VS0,VE1',
30 silly registry.get     vary: 'Accept',
30 silly registry.get     'content-length': '0',
30 silly registry.get     'keep-alive': 'timeout=10, max=50',
30 silly registry.get     connection: 'Keep-Alive' } ]
31 verbose etag https://registry.npmjs.org/grunt-contrib-uglify from cache
32 silly addNameRange number 2 { name: 'grunt-contrib-uglify', range: '*', hasData: true }
33 silly addNameRange versions [ 'grunt-contrib-uglify',
33 silly addNameRange   [ '0.1.0',
33 silly addNameRange     '0.1.1',
33 silly addNameRange     '0.1.2',
33 silly addNameRange     '0.2.0',
33 silly addNameRange     '0.2.1',
33 silly addNameRange     '0.2.2',
33 silly addNameRange     '0.2.3',
33 silly addNameRange     '0.2.4',
33 silly addNameRange     '0.2.5',
33 silly addNameRange     '0.2.6',
33 silly addNameRange     '0.2.7',
33 silly addNameRange     '0.3.0',
33 silly addNameRange     '0.3.1',
33 silly addNameRange     '0.1.1-rc5',
33 silly addNameRange     '0.1.1-rc6',
33 silly addNameRange     '0.3.2',
33 silly addNameRange     '0.3.3',
33 silly addNameRange     '0.4.0',
33 silly addNameRange     '0.5.0',
33 silly addNameRange     '0.4.1',
33 silly addNameRange     '0.5.1',
33 silly addNameRange     '0.6.0',
33 silly addNameRange     '0.7.0',
33 silly addNameRange     '0.8.0' ] ]
34 verbose addNamed [ 'grunt-contrib-uglify', '0.8.0' ]
35 verbose addNamed [ '0.8.0', '0.8.0' ]
36 silly lockFile 54aac03d-grunt-contrib-uglify-0-8-0 grunt-contrib-uglify@0.8.0
37 verbose lock grunt-contrib-uglify@0.8.0 /Users/kreativemente/.npm/54aac03d-grunt-contrib-uglify-0-8-0.lock
38 silly lockFile f5269920-y-grunt-contrib-uglify-0-8-0-tgz https://registry.npmjs.org/grunt-contrib-uglify/-/grunt-contrib-uglify-0.8.0.tgz
39 verbose lock https://registry.npmjs.org/grunt-contrib-uglify/-/grunt-contrib-uglify-0.8.0.tgz /Users/kreativemente/.npm/f5269920-y-grunt-contrib-uglify-0-8-0-tgz.lock
40 verbose addRemoteTarball [ 'https://registry.npmjs.org/grunt-contrib-uglify/-/grunt-contrib-uglify-0.8.0.tgz',
40 verbose addRemoteTarball   '6897a450fab8563c9885e388bd705a5ff2c3937e' ]
41 info retry fetch attempt 1 at 13:27:27
42 verbose fetch to= /var/folders/jl/c9z905qn3c7c22g4cfltyb5r0000gn/T/npm-13517-ZhysR6z6/registry.npmjs.org/grunt-contrib-uglify/-/grunt-contrib-uglify-0.8.0.tgz
43 http GET https://registry.npmjs.org/grunt-contrib-uglify/-/grunt-contrib-uglify-0.8.0.tgz
44 http 200 https://registry.npmjs.org/grunt-contrib-uglify/-/grunt-contrib-uglify-0.8.0.tgz
45 silly lockFile f5269920-y-grunt-contrib-uglify-0-8-0-tgz https://registry.npmjs.org/grunt-contrib-uglify/-/grunt-contrib-uglify-0.8.0.tgz
46 silly lockFile f5269920-y-grunt-contrib-uglify-0-8-0-tgz https://registry.npmjs.org/grunt-contrib-uglify/-/grunt-contrib-uglify-0.8.0.tgz
47 silly lockFile 54aac03d-grunt-contrib-uglify-0-8-0 grunt-contrib-uglify@0.8.0
48 silly lockFile 54aac03d-grunt-contrib-uglify-0-8-0 grunt-contrib-uglify@0.8.0
49 silly lockFile 1f4692e4-grunt-contrib-uglify grunt-contrib-uglify@
50 silly lockFile 1f4692e4-grunt-contrib-uglify grunt-contrib-uglify@
51 error Error: EACCES, mkdir '/Users/kreativemente/.npm/grunt-contrib-uglify/0.8.0'
51 error  { [Error: EACCES, mkdir '/Users/kreativemente/.npm/grunt-contrib-uglify/0.8.0']
51 error   errno: 3,
51 error   code: 'EACCES',
51 error   path: '/Users/kreativemente/.npm/grunt-contrib-uglify/0.8.0',
51 error   parent: 'sniffy' }
52 error Please try running this command again as root/Administrator.
53 error System Darwin 13.4.0
54 error command "/usr/local/bin/node" "/usr/local/bin/npm" "install" "grunt-contrib-uglify" "--save-dev"
55 error cwd /Users/kreativemente/Development/sniffy
56 error node -v v0.10.33
57 error npm -v 1.4.28
58 error path /Users/kreativemente/.npm/grunt-contrib-uglify/0.8.0
59 error code EACCES
60 error errno 3
61 error stack Error: EACCES, mkdir '/Users/kreativemente/.npm/grunt-contrib-uglify/0.8.0'
62 verbose exit [ 3, true ]
